[debug] [2022-04-30T06:40:21.920Z] ----------------------------------------------------------------------
[debug] [2022-04-30T06:40:21.922Z] Command:       C:\Program Files\nodejs\node.exe C:\Users\RK H\AppData\Roaming\npm\node_modules\firebase-tools\lib\bin\firebase.js init
[debug] [2022-04-30T06:40:21.922Z] CLI Version:   10.7.2
[debug] [2022-04-30T06:40:21.923Z] Platform:      win32
[debug] [2022-04-30T06:40:21.923Z] Node Version:  v14.16.0
[debug] [2022-04-30T06:40:21.923Z] Time:          Sat Apr 30 2022 12:40:21 GMT+0600 (Bangladesh Standard Time)
[debug] [2022-04-30T06:40:21.923Z] ----------------------------------------------------------------------
[debug] 
[debug] [2022-04-30T06:40:21.978Z] > command requires scopes: ["email","openid","https://www.googleapis.com/auth/cloudplatformprojects.readonly","https://www.googleapis.com/auth/firebase","https://www.googleapis.com/auth/cloud-platform"]
[debug] [2022-04-30T06:40:21.979Z] > authorizing via signed-in user (rkrakibhasan680@gmail.com)
[info] 
     ######## #### ########  ######## ########     ###     ######  ########
     ##        ##  ##     ## ##       ##     ##  ##   ##  ##       ##
     ######    ##  ########  ######   ########  #########  ######  ######
     ##        ##  ##    ##  ##       ##     ## ##     ##       ## ##
     ##       #### ##     ## ######## ########  ##     ##  ######  ########

You're about to initialize a Firebase project in this directory:

  H:\Module-practice\NodeJs\genius-car-service-project\genius-car-service-map-module-63-5

Before we get started, keep in mind:

  * You are initializing within an existing Firebase project directory

[info] 
=== Project Setup
[info] 
[info] First, let's associate this project directory with a Firebase project.
[info] You can create multiple project aliases by running firebase use --add, 
[info] but for now we'll just set up a default project.
[info] 
[debug] [2022-04-30T06:40:51.995Z] Using project from CLI flag: genius-car-services-18c77
[debug] [2022-04-30T06:40:51.997Z] >>> [apiv2][query] GET https://firebase.googleapis.com/v1beta1/projects/genius-car-services-18c77 [none]
[debug] [2022-04-30T06:40:52.645Z] <<< [apiv2][status] GET https://firebase.googleapis.com/v1beta1/projects/genius-car-services-18c77 403
[debug] [2022-04-30T06:40:52.645Z] <<< [apiv2][body] GET https://firebase.googleapis.com/v1beta1/projects/genius-car-services-18c77 {"error":{"code":403,"message":"The caller does not have permission","status":"PERMISSION_DENIED"}}
[debug] [2022-04-30T06:40:52.646Z] HTTP Error: 403, The caller does not have permission
[debug] [2022-04-30T06:40:52.903Z] FirebaseError: HTTP Error: 403, The caller does not have permission
    at module.exports (C:\Users\RK H\AppData\Roaming\npm\node_modules\firebase-tools\lib\responseToError.js:47:12)
    at RetryOperation._fn (C:\Users\RK H\AppData\Roaming\npm\node_modules\firebase-tools\lib\apiv2.js:286:39)
    at processTicksAndRejections (internal/process/task_queues.js:93:5)
[error] 
[error] Error: Failed to get Firebase project genius-car-services-18c77. Please make sure the project exists and your account has permission to access it.
